<?xml version="1.0" encoding="utf-8"?><testsuites name="pytest tests"><testsuite name="pytest" errors="0" failures="0" skipped="0" tests="8" time="1.648" timestamp="2026-03-10T18:37:15.702412+00:00" hostname="agent-env-99315af6-d771-4cef-ba7f-0017e312bf9e"><testcase classname="backend.tests.test_news_api.TestHealthEndpoint" name="test_health_check" time="0.201" /><testcase classname="backend.tests.test_news_api.TestNewsEndpoint" name="test_news_single_category" time="0.180" /><testcase classname="backend.tests.test_news_api.TestNewsEndpoint" name="test_news_multiple_categories" time="0.203" /><testcase classname="backend.tests.test_news_api.TestNewsEndpoint" name="test_news_pagination_offset" time="0.230" /><testcase classname="backend.tests.test_news_api.TestNewsEndpoint" name="test_news_has_more_flag" time="0.134" /><testcase classname="backend.tests.test_news_api.TestNewsEndpoint" name="test_news_invalid_category" time="0.258" /><testcase classname="backend.tests.test_news_api.TestNewsEndpoint" name="test_news_article_has_required_fields" time="0.193" /><testcase classname="backend.tests.test_news_api.TestCategoriesEndpoint" name="test_get_categories" time="0.164" /></testsuite></testsuites>