<?xml version="1.0" encoding="utf-8"?><testsuites name="pytest tests"><testsuite name="pytest" errors="0" failures="0" skipped="0" tests="8" time="40.555" timestamp="2026-03-06T09:27:52.503713+00:00" hostname="agent-env-6fd1a079-48e1-49cd-8dad-0ae450ea714d"><testcase classname="tests.test_news_api.TestHealthEndpoint" name="test_health_check" time="0.766" /><testcase classname="tests.test_news_api.TestNewsEndpoint" name="test_news_single_category" time="30.944" /><testcase classname="tests.test_news_api.TestNewsEndpoint" name="test_news_multiple_categories" time="7.970" /><testcase classname="tests.test_news_api.TestNewsEndpoint" name="test_news_pagination_offset" time="0.281" /><testcase classname="tests.test_news_api.TestNewsEndpoint" name="test_news_has_more_flag" time="0.121" /><testcase classname="tests.test_news_api.TestNewsEndpoint" name="test_news_invalid_category" time="0.107" /><testcase classname="tests.test_news_api.TestNewsEndpoint" name="test_news_article_has_required_fields" time="0.106" /><testcase classname="tests.test_news_api.TestCategoriesEndpoint" name="test_get_categories" time="0.104" /></testsuite></testsuites>